<?xml version="1.0" encoding="UTF-8"?>
<testsuite xmlns:xsi="http://www.w3.org/2001/XMLSchema-instance" xsi:noNamespaceSchemaLocation="https://maven.apache.org/surefire/maven-surefire-plugin/xsd/surefire-test-report-3.0.xsd" version="3.0" name="egovframework.guide.helloworld.HelloWorldServiceTest" time="0.635" tests="1" errors="0" skipped="0" failures="0">
  <properties>
[...]
</properties>
  <testcase name="sayHello" classname="egovframework.guide.helloworld.HelloWorldServiceTest" time="0.008">
    <system-out><![CDATA[2025-05-13 16:39:08,951  INFO [org.springframework.test.context.support.DefaultTestContextBootstrapper] Loaded default TestExecutionListener class names from location [META-INF/spring.factories]: [org.springframework.test.context.web.ServletTestExecutionListener, org.springframework.test.context.support.DirtiesContextBeforeModesTestExecutionListener, org.springframework.test.context.event.ApplicationEventsTestExecutionListener, org.springframework.test.context.support.DependencyInjectionTestExecutionListener, org.springframework.test.context.support.DirtiesContextTestExecutionListener, org.springframework.test.context.transaction.TransactionalTestExecutionListener, org.springframework.test.context.jdbc.SqlScriptsTestExecutionListener, org.springframework.test.context.event.EventPublishingTestExecutionListener]
2025-05-13 16:39:08,962  INFO [org.springframework.test.context.support.DefaultTestContextBootstrapper] Using TestExecutionListeners: [org.springframework.test.context.support.DirtiesContextBeforeModesTestExecutionListener@247d8ae, org.springframework.test.context.event.ApplicationEventsTestExecutionListener@48974e45, org.springframework.test.context.support.DependencyInjectionTestExecutionListener@6a84a97d, org.springframework.test.context.support.DirtiesContextTestExecutionListener@6c130c45, org.springframework.test.context.transaction.TransactionalTestExecutionListener@50ad3bc1, org.springframework.test.context.jdbc.SqlScriptsTestExecutionListener@223aa2f7, org.springframework.test.context.event.EventPublishingTestExecutionListener@6d3a388c]
]]></system-out>
  </testcase>
</testsuite>